<?xml version="1.0" encoding="UTF-8"?>
<!-- Generated by org.testng.reporters.JUnitReportReporter -->
<testsuite hostname="Yugesh" failures="0" tests="1" name="com.CRM.organization.TC_VC_005_Test" time="39.500" errors="0" timestamp="2024-11-28T13:24:35 IST" skipped="0">
  <testcase classname="com.CRM.organization.TC_VC_005_Test" name="createOrganizationWithIndustryDropDown" time="39.500"/>
  <system-out/>
</testsuite> <!-- com.CRM.organization.TC_VC_005_Test -->
