<?xml version="1.0" encoding="UTF-8"?>
<!-- Generated by org.testng.reporters.JUnitReportReporter -->
<testsuite hostname="Yugesh" failures="0" tests="1" name="com.CRM.contacts.TC_VT_004_Test" time="66.997" errors="0" timestamp="2024-11-28T13:00:48 IST" skipped="0">
  <testcase classname="com.CRM.contacts.TC_VT_004_Test" name="createContactWithOrganization" time="66.997"/>
  <system-out/>
</testsuite> <!-- com.CRM.contacts.TC_VT_004_Test -->
