<?xml version="1.0" encoding="UTF-8"?>
<!-- Generated by org.testng.reporters.JUnitReportReporter -->
<testsuite hostname="Yugesh" failures="0" tests="1" name="com.CRM.organization.TC_VT_003_Test" time="68.599" errors="0" timestamp="2024-11-27T13:42:51 IST" skipped="0">
  <testcase classname="com.CRM.organization.TC_VT_003_Test" name="createOrganization" time="68.599"/>
  <system-out/>
</testsuite> <!-- com.CRM.organization.TC_VT_003_Test -->
